e:\semester 2\hellogl\hellogl\x64\debug\vc140.pdb
e:\semester 2\hellogl\hellogl\x64\debug\vc140.idb
e:\semester 2\hellogl\hellogl\x64\debug\flyingcube.obj
e:\semester 2\hellogl\hellogl\x64\debug\flyingpyramid.obj
e:\semester 2\hellogl\hellogl\x64\debug\glutcallbacks.obj
e:\semester 2\hellogl\hellogl\x64\debug\hellogl.obj
e:\semester 2\hellogl\hellogl\x64\debug\linkedlist.obj
e:\semester 2\hellogl\hellogl\x64\debug\main.obj
e:\semester 2\hellogl\hellogl\x64\debug\meshloader.obj
e:\semester 2\hellogl\hellogl\x64\debug\objobject.obj
e:\semester 2\hellogl\hellogl\x64\debug\sceneobject.obj
e:\semester 2\hellogl\hellogl\x64\debug\texture2d.obj
e:\semester 2\hellogl\x64\debug\hellogl.pdb
e:\semester 2\hellogl\hellogl\x64\debug\hellogl.tlog\cl.read.1.tlog
e:\semester 2\hellogl\hellogl\x64\debug\hellogl.tlog\cl.write.1.tlog
e:\semester 2\hellogl\hellogl\x64\debug\hellogl.tlog\cl.command.1.tlog
e:\semester 2\hellogl\hellogl\x64\debug\hellogl.tlog\link-rc.read.1.tlog
e:\semester 2\hellogl\hellogl\x64\debug\hellogl.tlog\link-rc.write.1.tlog
e:\semester 2\hellogl\hellogl\x64\debug\hellogl.tlog\link-cvtres.read.1.tlog
e:\semester 2\hellogl\hellogl\x64\debug\hellogl.tlog\link-cvtres.write.1.tlog
e:\semester 2\hellogl\hellogl\x64\debug\hellogl.tlog\link.read.1.tlog
e:\semester 2\hellogl\hellogl\x64\debug\hellogl.tlog\link.write.1.tlog
e:\semester 2\hellogl\hellogl\x64\debug\hellogl.tlog\link.command.1.tlog
